<?xml version="1.0" encoding="UTF-8"?>
<!-- Generated by org.testng.reporters.JUnitXMLReporter -->
<testsuite hostname="Dell-PC" ignored="0" name="Opera" tests="12" failures="0" timestamp="02 Aug 2020 06:21:36 GMT" time="9.915" errors="0">
  <testcase name="@BeforeTest OpenBrowser" time="9.853" classname="Utility.Setup">
    <failure type="org.openqa.selenium.SessionNotCreatedException" message="session not created: This version of OperaDriver only supports Opera version 84
  (Driver info: operadriver=84.0.4147.89 (19abfe7bcba9318a0b2a6bc6634a67fc834aa592-refs/branch-heads/4147@{#852}),platform=Windows NT 6.1.7601 SP1 x86_64) (WARNING: The server did not provide any stacktrace information)
Command duration or timeout: 7.98 seconds
Build info: version: &amp;apos;2.53.0&amp;apos;, revision: &amp;apos;35ae25b&amp;apos;, time: &amp;apos;2016-03-15 17:00:58&amp;apos;
System info: host: &amp;apos;Dell-PC&amp;apos;, ip: &amp;apos;192.168.43.234&amp;apos;, os.name: &amp;apos;Windows 7&amp;apos;, os.arch: &amp;apos;amd64&amp;apos;, os.version: &amp;apos;6.1&amp;apos;, java.version: &amp;apos;1.8.0_181&amp;apos;
Driver info: org.openqa.selenium.opera.OperaDriver">
      <![CDATA[org.openqa.selenium.SessionNotCreatedException: session not created: This version of OperaDriver only supports Opera version 84
  (Driver info: operadriver=84.0.4147.89 (19abfe7bcba9318a0b2a6bc6634a67fc834aa592-refs/branch-heads/4147@{#852}),platform=Windows NT 6.1.7601 SP1 x86_64) (WARNING: The server did not provide any stacktrace information)
Command duration or timeout: 7.98 seconds
Build info: version: '2.53.0', revision: '35ae25b', time: '2016-03-15 17:00:58'
System info: host: 'Dell-PC', ip: '192.168.43.234', os.name: 'Windows 7', os.arch: 'amd64', os.version: '6.1', java.version: '1.8.0_181'
Driver info: org.openqa.selenium.opera.OperaDriver
at org.openqa.selenium.remote.ErrorHandler.createThrowable(ErrorHandler.java:206)
at org.openqa.selenium.remote.ErrorHandler.throwIfResponseFailed(ErrorHandler.java:158)
at org.openqa.selenium.remote.RemoteWebDriver.execute(RemoteWebDriver.java:678)
at org.openqa.selenium.remote.RemoteWebDriver.startSession(RemoteWebDriver.java:249)
at org.openqa.selenium.remote.RemoteWebDriver.<init>(RemoteWebDriver.java:131)
at org.openqa.selenium.remote.RemoteWebDriver.<init>(RemoteWebDriver.java:144)
at org.openqa.selenium.opera.OperaDriver.<init>(OperaDriver.java:169)
at org.openqa.selenium.opera.OperaDriver.<init>(OperaDriver.java:158)
at org.openqa.selenium.opera.OperaDriver.<init>(OperaDriver.java:115)
at Utility.Setup.OpenBrowser(Setup.java:48)
at java.util.concurrent.FutureTask.run(FutureTask.java:266)
at java.util.concurrent.ThreadPoolExecutor.runWorker(ThreadPoolExecutor.java:1149)
at java.util.concurrent.ThreadPoolExecutor$Worker.run(ThreadPoolExecutor.java:624)
at java.lang.Thread.run(Thread.java:748)
... Removed 19 stack frames]]>
    </failure>
  </testcase> <!-- @BeforeTest OpenBrowser -->
  <testcase name="m1" time="0.0" classname="Test1.SmokeTest">
    <skipped/>
  </testcase> <!-- m1 -->
  <testcase name="m2" time="0.0" classname="Test1.SmokeTest">
    <skipped/>
  </testcase> <!-- m2 -->
  <testcase name="m3" time="0.0" classname="Test1.SmokeTest">
    <skipped/>
  </testcase> <!-- m3 -->
  <testcase name="m4" time="0.0" classname="Test1.SmokeTest">
    <skipped/>
  </testcase> <!-- m4 -->
  <testcase name="m1" time="0.0" classname="Test1.SanityTest">
    <skipped/>
  </testcase> <!-- m1 -->
  <testcase name="m2" time="0.0" classname="Test1.SanityTest">
    <skipped/>
  </testcase> <!-- m2 -->
  <testcase name="m3" time="0.0" classname="Test1.SanityTest">
    <skipped/>
  </testcase> <!-- m3 -->
  <testcase name="m4" time="0.0" classname="Test1.SanityTest">
    <skipped/>
  </testcase> <!-- m4 -->
  <testcase name="m1" time="0.0" classname="Test1.RegressionTest">
    <skipped/>
  </testcase> <!-- m1 -->
  <testcase name="m2" time="0.0" classname="Test1.RegressionTest">
    <skipped/>
  </testcase> <!-- m2 -->
  <testcase name="m3" time="0.0" classname="Test1.RegressionTest">
    <skipped/>
  </testcase> <!-- m3 -->
  <testcase name="m4" time="0.0" classname="Test1.RegressionTest">
    <skipped/>
  </testcase> <!-- m4 -->
</testsuite> <!-- Opera -->
